TN:
SF:/home/leonardo/projects/devpleno/convertMyMoney/lib/api_bcb.js
FN:9,(anonymous_0)
FN:12,(anonymous_1)
FN:18,(anonymous_2)
FN:31,(anonymous_3)
FN:31,(anonymous_4)
FNF:5
FNH:5
FNDA:1,(anonymous_0)
FNDA:1,(anonymous_1)
FNDA:2,(anonymous_2)
FNDA:4,(anonymous_3)
FNDA:3,(anonymous_4)
DA:1,1
DA:3,1
DA:9,1
DA:10,1
DA:12,1
DA:13,1
DA:14,1
DA:15,1
DA:18,1
DA:19,2
DA:20,1
DA:21,1
DA:27,1
DA:31,4
DA:34,3
DA:35,3
DA:36,2
DA:38,1
DA:42,1
LF:19
LH:19
BRDA:19,0,0,1
BRDA:19,0,1,1
BRDA:32,1,0,1
BRF:3
BRH:3
end_of_record
TN:
SF:/home/leonardo/projects/devpleno/convertMyMoney/lib/convert.js
FN:1,(anonymous_0)
FN:10,(anonymous_1)
FNF:2
FNH:2
FNDA:7,(anonymous_0)
FNDA:2,(anonymous_1)
DA:1,1
DA:2,7
DA:3,7
DA:4,7
DA:5,5
DA:7,2
DA:10,1
DA:11,2
DA:13,1
LF:9
LH:9
BRDA:4,0,0,5
BRDA:4,0,1,2
BRDA:4,1,0,7
BRDA:4,1,1,5
BRDA:4,1,2,4
BRDA:4,1,3,3
BRDA:10,2,0,2
BRF:7
BRH:7
end_of_record
